2016-03-09 14:33:23,247 [main] ERROR [org.springframework.security.core.SpringSecurityCoreVersion] - Spring Major version '3' expected, but you are running with version: 4.1.6.RELEASE. Please check your classpath for unwanted jar files.
2016-03-09 14:33:27,915 [main] ERROR [org.hibernate.tool.hbm2ddl.SchemaUpdate] - HHH000388: Unsuccessful: create table T_SYS_AREA  (AREA_ID bigint not null auto_increment, AREA_CODE varchar(255), AREA_NAME varchar(255), description varchar(255), primary key (AREA_ID))
2016-03-09 14:33:27,915 [main] ERROR [org.hibernate.tool.hbm2ddl.SchemaUpdate] - Table 't_sys_area' already exists
2016-03-09 14:34:55,464 [main] ERROR [org.springframework.security.core.SpringSecurityCoreVersion] - Spring Major version '3' expected, but you are running with version: 4.1.6.RELEASE. Please check your classpath for unwanted jar files.
2016-03-09 14:34:57,581 [main] ERROR [org.hibernate.tool.hbm2ddl.SchemaUpdate] - HHH000388: Unsuccessful: create table T_SYS_AREA  (AREA_ID bigint not null auto_increment, AREA_CODE varchar(255), AREA_NAME varchar(255), description varchar(255), primary key (AREA_ID))
2016-03-09 14:34:57,581 [main] ERROR [org.hibernate.tool.hbm2ddl.SchemaUpdate] - Table 't_sys_area' already exists
2016-03-09 15:01:20,625 [Timer-0] ERROR [org.springframework.security.core.SpringSecurityCoreVersion] - Spring Major version '3' expected, but you are running with version: 4.1.6.RELEASE. Please check your classpath for unwanted jar files.
2016-03-09 15:01:22,684 [Timer-0] ERROR [org.hibernate.tool.hbm2ddl.SchemaUpdate] - HHH000388: Unsuccessful: create table T_SYS_AREA  (AREA_ID bigint not null auto_increment, AREA_CODE varchar(255), AREA_NAME varchar(255), description varchar(255), primary key (AREA_ID))
2016-03-09 15:01:22,684 [Timer-0] ERROR [org.hibernate.tool.hbm2ddl.SchemaUpdate] - Table 't_sys_area' already exists
2016-03-09 15:01:32,497 [Timer-0] ERROR [org.springframework.security.core.SpringSecurityCoreVersion] - Spring Major version '3' expected, but you are running with version: 4.1.6.RELEASE. Please check your classpath for unwanted jar files.
2016-03-09 15:01:34,502 [Timer-0] ERROR [org.hibernate.tool.hbm2ddl.SchemaUpdate] - HHH000388: Unsuccessful: create table T_SYS_AREA  (AREA_ID bigint not null auto_increment, AREA_CODE varchar(255), AREA_NAME varchar(255), description varchar(255), primary key (AREA_ID))
2016-03-09 15:01:34,502 [Timer-0] ERROR [org.hibernate.tool.hbm2ddl.SchemaUpdate] - Table 't_sys_area' already exists
2016-03-09 15:01:40,074 [Timer-0] ERROR [org.springframework.security.core.SpringSecurityCoreVersion] - Spring Major version '3' expected, but you are running with version: 4.1.6.RELEASE. Please check your classpath for unwanted jar files.
2016-03-09 15:13:20,167 [main] ERROR [org.springframework.security.core.SpringSecurityCoreVersion] - Spring Major version '3' expected, but you are running with version: 4.1.6.RELEASE. Please check your classpath for unwanted jar files.
2016-03-09 15:13:22,317 [main] ERROR [org.hibernate.tool.hbm2ddl.SchemaUpdate] - HHH000388: Unsuccessful: create table T_SYS_AREA  (AREA_ID bigint not null auto_increment, AREA_CODE varchar(255), AREA_NAME varchar(255), description varchar(255), primary key (AREA_ID))
2016-03-09 15:13:22,318 [main] ERROR [org.hibernate.tool.hbm2ddl.SchemaUpdate] - Table 't_sys_area' already exists
2016-03-09 15:14:54,796 [Timer-0] ERROR [org.springframework.security.core.SpringSecurityCoreVersion] - Spring Major version '3' expected, but you are running with version: 4.1.6.RELEASE. Please check your classpath for unwanted jar files.
2016-03-09 15:14:56,824 [Timer-0] ERROR [org.hibernate.tool.hbm2ddl.SchemaUpdate] - HHH000388: Unsuccessful: create table T_SYS_AREA  (AREA_ID bigint not null auto_increment, AREA_CODE varchar(255), AREA_NAME varchar(255), description varchar(255), primary key (AREA_ID))
2016-03-09 15:14:56,824 [Timer-0] ERROR [org.hibernate.tool.hbm2ddl.SchemaUpdate] - Table 't_sys_area' already exists
2016-03-09 15:15:01,699 [Timer-0] ERROR [org.springframework.security.core.SpringSecurityCoreVersion] - Spring Major version '3' expected, but you are running with version: 4.1.6.RELEASE. Please check your classpath for unwanted jar files.
2016-03-09 15:15:04,058 [Timer-0] ERROR [org.hibernate.tool.hbm2ddl.SchemaUpdate] - HHH000388: Unsuccessful: create table T_SYS_AREA  (AREA_ID bigint not null auto_increment, AREA_CODE varchar(255), AREA_NAME varchar(255), description varchar(255), primary key (AREA_ID))
2016-03-09 15:15:04,058 [Timer-0] ERROR [org.hibernate.tool.hbm2ddl.SchemaUpdate] - Table 't_sys_area' already exists
2016-03-09 15:15:38,788 [Timer-0] ERROR [org.springframework.security.core.SpringSecurityCoreVersion] - Spring Major version '3' expected, but you are running with version: 4.1.6.RELEASE. Please check your classpath for unwanted jar files.
2016-03-09 15:16:24,051 [main] ERROR [org.springframework.security.core.SpringSecurityCoreVersion] - Spring Major version '3' expected, but you are running with version: 4.1.6.RELEASE. Please check your classpath for unwanted jar files.
2016-03-09 15:16:26,203 [main] ERROR [org.hibernate.tool.hbm2ddl.SchemaUpdate] - HHH000388: Unsuccessful: create table T_SYS_AREA  (AREA_ID bigint not null auto_increment, AREA_CODE varchar(255), AREA_NAME varchar(255), description varchar(255), primary key (AREA_ID))
2016-03-09 15:16:26,204 [main] ERROR [org.hibernate.tool.hbm2ddl.SchemaUpdate] - Table 't_sys_area' already exists
