2016-03-09 14:33:29,868 [main] WARN  [org.hibernate.hql.internal.ast.HqlSqlWalker] - [DEPRECATION] Encountered positional parameter near line 1, column 215.  Positional parameter are considered deprecated; use named parameters or JPA-style positional parameters instead.
2016-03-09 14:33:30,058 [main] WARN  [org.hibernate.hql.internal.ast.HqlSqlWalker] - [DEPRECATION] Encountered positional parameter near line 1, column 187.  Positional parameter are considered deprecated; use named parameters or JPA-style positional parameters instead.
2016-03-09 14:33:30,210 [main] WARN  [org.hibernate.hql.internal.ast.HqlSqlWalker] - [DEPRECATION] Encountered positional parameter near line 1, column 161.  Positional parameter are considered deprecated; use named parameters or JPA-style positional parameters instead.
2016-03-09 14:33:30,222 [main] WARN  [org.hibernate.hql.internal.ast.HqlSqlWalker] - [DEPRECATION] Encountered positional parameter near line 1, column 351.  Positional parameter are considered deprecated; use named parameters or JPA-style positional parameters instead.
2016-03-09 14:33:30,312 [main] WARN  [org.hibernate.hql.internal.ast.HqlSqlWalker] - [DEPRECATION] Encountered positional parameter near line 1, column 223.  Positional parameter are considered deprecated; use named parameters or JPA-style positional parameters instead.
2016-03-09 14:33:30,374 [main] WARN  [org.hibernate.hql.internal.ast.HqlSqlWalker] - [DEPRECATION] Encountered positional parameter near line 1, column 290.  Positional parameter are considered deprecated; use named parameters or JPA-style positional parameters instead.
2016-03-09 14:33:30,500 [main] WARN  [org.hibernate.hql.internal.ast.HqlSqlWalker] - [DEPRECATION] Encountered positional parameter near line 1, column 222.  Positional parameter are considered deprecated; use named parameters or JPA-style positional parameters instead.
2016-03-09 14:33:30,717 [main] WARN  [org.hibernate.hql.internal.ast.HqlSqlWalker] - [DEPRECATION] Encountered positional parameter near line 1, column 215.  Positional parameter are considered deprecated; use named parameters or JPA-style positional parameters instead.
2016-03-09 14:33:30,725 [main] WARN  [org.hibernate.hql.internal.ast.HqlSqlWalker] - [DEPRECATION] Encountered positional parameter near line 1, column 215.  Positional parameter are considered deprecated; use named parameters or JPA-style positional parameters instead.
2016-03-09 14:33:30,726 [main] WARN  [org.hibernate.hql.internal.ast.HqlSqlWalker] - [DEPRECATION] Encountered positional parameter near line 1, column 226.  Positional parameter are considered deprecated; use named parameters or JPA-style positional parameters instead.
2016-03-09 14:33:30,732 [main] WARN  [org.hibernate.hql.internal.ast.HqlSqlWalker] - [DEPRECATION] Encountered positional parameter near line 1, column 217.  Positional parameter are considered deprecated; use named parameters or JPA-style positional parameters instead.
2016-03-09 14:33:30,825 [main] WARN  [org.hibernate.hql.internal.ast.HqlSqlWalker] - [DEPRECATION] Encountered positional parameter near line 1, column 78.  Positional parameter are considered deprecated; use named parameters or JPA-style positional parameters instead.
2016-03-09 14:33:30,825 [main] WARN  [org.hibernate.hql.internal.ast.HqlSqlWalker] - [DEPRECATION] Encountered positional parameter near line 1, column 94.  Positional parameter are considered deprecated; use named parameters or JPA-style positional parameters instead.
2016-03-09 14:33:31,189 [main] WARN  [com.linkcm.core.security.MyFilterSecurityInterceptor] - Could not validate configuration attributes as the SecurityMetadataSource did not return any attributes from getAllConfigAttributes()
2016-03-09 14:34:58,646 [main] WARN  [org.hibernate.hql.internal.ast.HqlSqlWalker] - [DEPRECATION] Encountered positional parameter near line 1, column 215.  Positional parameter are considered deprecated; use named parameters or JPA-style positional parameters instead.
2016-03-09 14:34:58,778 [main] WARN  [org.hibernate.hql.internal.ast.HqlSqlWalker] - [DEPRECATION] Encountered positional parameter near line 1, column 187.  Positional parameter are considered deprecated; use named parameters or JPA-style positional parameters instead.
2016-03-09 14:34:58,924 [main] WARN  [org.hibernate.hql.internal.ast.HqlSqlWalker] - [DEPRECATION] Encountered positional parameter near line 1, column 161.  Positional parameter are considered deprecated; use named parameters or JPA-style positional parameters instead.
2016-03-09 14:34:58,935 [main] WARN  [org.hibernate.hql.internal.ast.HqlSqlWalker] - [DEPRECATION] Encountered positional parameter near line 1, column 351.  Positional parameter are considered deprecated; use named parameters or JPA-style positional parameters instead.
2016-03-09 14:34:59,029 [main] WARN  [org.hibernate.hql.internal.ast.HqlSqlWalker] - [DEPRECATION] Encountered positional parameter near line 1, column 223.  Positional parameter are considered deprecated; use named parameters or JPA-style positional parameters instead.
2016-03-09 14:34:59,088 [main] WARN  [org.hibernate.hql.internal.ast.HqlSqlWalker] - [DEPRECATION] Encountered positional parameter near line 1, column 290.  Positional parameter are considered deprecated; use named parameters or JPA-style positional parameters instead.
2016-03-09 14:34:59,211 [main] WARN  [org.hibernate.hql.internal.ast.HqlSqlWalker] - [DEPRECATION] Encountered positional parameter near line 1, column 222.  Positional parameter are considered deprecated; use named parameters or JPA-style positional parameters instead.
2016-03-09 14:34:59,434 [main] WARN  [org.hibernate.hql.internal.ast.HqlSqlWalker] - [DEPRECATION] Encountered positional parameter near line 1, column 215.  Positional parameter are considered deprecated; use named parameters or JPA-style positional parameters instead.
2016-03-09 14:34:59,443 [main] WARN  [org.hibernate.hql.internal.ast.HqlSqlWalker] - [DEPRECATION] Encountered positional parameter near line 1, column 215.  Positional parameter are considered deprecated; use named parameters or JPA-style positional parameters instead.
2016-03-09 14:34:59,444 [main] WARN  [org.hibernate.hql.internal.ast.HqlSqlWalker] - [DEPRECATION] Encountered positional parameter near line 1, column 226.  Positional parameter are considered deprecated; use named parameters or JPA-style positional parameters instead.
2016-03-09 14:34:59,458 [main] WARN  [org.hibernate.hql.internal.ast.HqlSqlWalker] - [DEPRECATION] Encountered positional parameter near line 1, column 217.  Positional parameter are considered deprecated; use named parameters or JPA-style positional parameters instead.
2016-03-09 14:34:59,543 [main] WARN  [org.hibernate.hql.internal.ast.HqlSqlWalker] - [DEPRECATION] Encountered positional parameter near line 1, column 78.  Positional parameter are considered deprecated; use named parameters or JPA-style positional parameters instead.
2016-03-09 14:34:59,544 [main] WARN  [org.hibernate.hql.internal.ast.HqlSqlWalker] - [DEPRECATION] Encountered positional parameter near line 1, column 94.  Positional parameter are considered deprecated; use named parameters or JPA-style positional parameters instead.
2016-03-09 14:34:59,888 [main] WARN  [com.linkcm.core.security.MyFilterSecurityInterceptor] - Could not validate configuration attributes as the SecurityMetadataSource did not return any attributes from getAllConfigAttributes()
2016-03-09 14:36:39,257 [992734105@qtp-72002404-9] WARN  [org.apache.struts2.util.TextProviderHelper] - The first TextProvider in the ValueStack (com.linkcm.demo.web.school.StudentAction) could not locate the message resource with key '姓名'
2016-03-09 14:36:39,257 [992734105@qtp-72002404-9] WARN  [org.apache.struts2.util.TextProviderHelper] - The default value expression '姓名' was evaluated and did not match a property.  The literal value '姓名' will be used.
2016-03-09 14:36:39,258 [992734105@qtp-72002404-9] WARN  [org.apache.struts2.util.TextProviderHelper] - The first TextProvider in the ValueStack (com.linkcm.demo.web.school.StudentAction) could not locate the message resource with key '年龄'
2016-03-09 14:36:39,258 [992734105@qtp-72002404-9] WARN  [org.apache.struts2.util.TextProviderHelper] - The default value expression '年龄' was evaluated and did not match a property.  The literal value '年龄' will be used.
2016-03-09 14:36:39,258 [992734105@qtp-72002404-9] WARN  [org.apache.struts2.util.TextProviderHelper] - The first TextProvider in the ValueStack (com.linkcm.demo.web.school.StudentAction) could not locate the message resource with key '性别'
2016-03-09 14:36:39,259 [992734105@qtp-72002404-9] WARN  [org.apache.struts2.util.TextProviderHelper] - The default value expression '性别' was evaluated and did not match a property.  The literal value '性别' will be used.
2016-03-09 14:36:41,486 [1300714368@qtp-72002404-11] WARN  [org.apache.struts2.util.TextProviderHelper] - The first TextProvider in the ValueStack (com.linkcm.demo.web.school.ClassInfoAction) could not locate the message resource with key '班级'
2016-03-09 14:36:41,486 [1300714368@qtp-72002404-11] WARN  [org.apache.struts2.util.TextProviderHelper] - The default value expression '班级' was evaluated and did not match a property.  The literal value '班级' will be used.
2016-03-09 14:36:41,486 [1300714368@qtp-72002404-11] WARN  [org.apache.struts2.util.TextProviderHelper] - The first TextProvider in the ValueStack (com.linkcm.demo.web.school.ClassInfoAction) could not locate the message resource with key '班主任'
2016-03-09 14:36:41,486 [1300714368@qtp-72002404-11] WARN  [org.apache.struts2.util.TextProviderHelper] - The default value expression '班主任' was evaluated and did not match a property.  The literal value '班主任' will be used.
2016-03-09 14:36:47,958 [563763734@qtp-72002404-10] WARN  [org.hibernate.hql.internal.ast.HqlSqlWalker] - [DEPRECATION] Encountered positional parameter near line 1, column 85.  Positional parameter are considered deprecated; use named parameters or JPA-style positional parameters instead.
2016-03-09 14:37:56,710 [453381400@qtp-72002404-2] WARN  [org.apache.struts2.util.TextProviderHelper] - The first TextProvider in the ValueStack (com.linkcm.demo.web.school.StudentAction) could not locate the message resource with key '姓名'
2016-03-09 14:37:56,710 [453381400@qtp-72002404-2] WARN  [org.apache.struts2.util.TextProviderHelper] - The default value expression '姓名' was evaluated and did not match a property.  The literal value '姓名' will be used.
2016-03-09 14:37:56,710 [453381400@qtp-72002404-2] WARN  [org.apache.struts2.util.TextProviderHelper] - The first TextProvider in the ValueStack (com.linkcm.demo.web.school.StudentAction) could not locate the message resource with key '年龄'
2016-03-09 14:37:56,710 [453381400@qtp-72002404-2] WARN  [org.apache.struts2.util.TextProviderHelper] - The default value expression '年龄' was evaluated and did not match a property.  The literal value '年龄' will be used.
2016-03-09 14:37:56,710 [453381400@qtp-72002404-2] WARN  [org.apache.struts2.util.TextProviderHelper] - The first TextProvider in the ValueStack (com.linkcm.demo.web.school.StudentAction) could not locate the message resource with key '性别'
2016-03-09 14:37:56,710 [453381400@qtp-72002404-2] WARN  [org.apache.struts2.util.TextProviderHelper] - The default value expression '性别' was evaluated and did not match a property.  The literal value '性别' will be used.
2016-03-09 14:37:58,379 [453381400@qtp-72002404-2] WARN  [org.apache.struts2.util.TextProviderHelper] - The first TextProvider in the ValueStack (com.linkcm.demo.web.school.ClassInfoAction) could not locate the message resource with key '班级'
2016-03-09 14:37:58,379 [453381400@qtp-72002404-2] WARN  [org.apache.struts2.util.TextProviderHelper] - The default value expression '班级' was evaluated and did not match a property.  The literal value '班级' will be used.
2016-03-09 14:37:58,380 [453381400@qtp-72002404-2] WARN  [org.apache.struts2.util.TextProviderHelper] - The first TextProvider in the ValueStack (com.linkcm.demo.web.school.ClassInfoAction) could not locate the message resource with key '班主任'
2016-03-09 14:37:58,380 [453381400@qtp-72002404-2] WARN  [org.apache.struts2.util.TextProviderHelper] - The default value expression '班主任' was evaluated and did not match a property.  The literal value '班主任' will be used.
2016-03-09 15:01:23,690 [Timer-0] WARN  [org.hibernate.hql.internal.ast.HqlSqlWalker] - [DEPRECATION] Encountered positional parameter near line 1, column 215.  Positional parameter are considered deprecated; use named parameters or JPA-style positional parameters instead.
2016-03-09 15:01:23,815 [Timer-0] WARN  [org.hibernate.hql.internal.ast.HqlSqlWalker] - [DEPRECATION] Encountered positional parameter near line 1, column 187.  Positional parameter are considered deprecated; use named parameters or JPA-style positional parameters instead.
2016-03-09 15:01:23,970 [Timer-0] WARN  [org.hibernate.hql.internal.ast.HqlSqlWalker] - [DEPRECATION] Encountered positional parameter near line 1, column 161.  Positional parameter are considered deprecated; use named parameters or JPA-style positional parameters instead.
2016-03-09 15:01:23,980 [Timer-0] WARN  [org.hibernate.hql.internal.ast.HqlSqlWalker] - [DEPRECATION] Encountered positional parameter near line 1, column 351.  Positional parameter are considered deprecated; use named parameters or JPA-style positional parameters instead.
2016-03-09 15:01:24,051 [Timer-0] WARN  [org.hibernate.hql.internal.ast.HqlSqlWalker] - [DEPRECATION] Encountered positional parameter near line 1, column 223.  Positional parameter are considered deprecated; use named parameters or JPA-style positional parameters instead.
2016-03-09 15:01:24,098 [Timer-0] WARN  [org.hibernate.hql.internal.ast.HqlSqlWalker] - [DEPRECATION] Encountered positional parameter near line 1, column 290.  Positional parameter are considered deprecated; use named parameters or JPA-style positional parameters instead.
2016-03-09 15:01:24,215 [Timer-0] WARN  [org.hibernate.hql.internal.ast.HqlSqlWalker] - [DEPRECATION] Encountered positional parameter near line 1, column 222.  Positional parameter are considered deprecated; use named parameters or JPA-style positional parameters instead.
2016-03-09 15:01:24,464 [Timer-0] WARN  [org.hibernate.hql.internal.ast.HqlSqlWalker] - [DEPRECATION] Encountered positional parameter near line 1, column 215.  Positional parameter are considered deprecated; use named parameters or JPA-style positional parameters instead.
2016-03-09 15:01:24,472 [Timer-0] WARN  [org.hibernate.hql.internal.ast.HqlSqlWalker] - [DEPRECATION] Encountered positional parameter near line 1, column 215.  Positional parameter are considered deprecated; use named parameters or JPA-style positional parameters instead.
2016-03-09 15:01:24,472 [Timer-0] WARN  [org.hibernate.hql.internal.ast.HqlSqlWalker] - [DEPRECATION] Encountered positional parameter near line 1, column 226.  Positional parameter are considered deprecated; use named parameters or JPA-style positional parameters instead.
2016-03-09 15:01:24,487 [Timer-0] WARN  [org.hibernate.hql.internal.ast.HqlSqlWalker] - [DEPRECATION] Encountered positional parameter near line 1, column 217.  Positional parameter are considered deprecated; use named parameters or JPA-style positional parameters instead.
2016-03-09 15:01:24,569 [Timer-0] WARN  [org.hibernate.hql.internal.ast.HqlSqlWalker] - [DEPRECATION] Encountered positional parameter near line 1, column 78.  Positional parameter are considered deprecated; use named parameters or JPA-style positional parameters instead.
2016-03-09 15:01:24,569 [Timer-0] WARN  [org.hibernate.hql.internal.ast.HqlSqlWalker] - [DEPRECATION] Encountered positional parameter near line 1, column 94.  Positional parameter are considered deprecated; use named parameters or JPA-style positional parameters instead.
2016-03-09 15:01:24,903 [Timer-0] WARN  [com.linkcm.core.security.MyFilterSecurityInterceptor] - Could not validate configuration attributes as the SecurityMetadataSource did not return any attributes from getAllConfigAttributes()
2016-03-09 15:01:35,490 [Timer-0] WARN  [org.hibernate.hql.internal.ast.HqlSqlWalker] - [DEPRECATION] Encountered positional parameter near line 1, column 215.  Positional parameter are considered deprecated; use named parameters or JPA-style positional parameters instead.
2016-03-09 15:01:35,608 [Timer-0] WARN  [org.hibernate.hql.internal.ast.HqlSqlWalker] - [DEPRECATION] Encountered positional parameter near line 1, column 187.  Positional parameter are considered deprecated; use named parameters or JPA-style positional parameters instead.
2016-03-09 15:01:35,745 [Timer-0] WARN  [org.hibernate.hql.internal.ast.HqlSqlWalker] - [DEPRECATION] Encountered positional parameter near line 1, column 161.  Positional parameter are considered deprecated; use named parameters or JPA-style positional parameters instead.
2016-03-09 15:01:35,755 [Timer-0] WARN  [org.hibernate.hql.internal.ast.HqlSqlWalker] - [DEPRECATION] Encountered positional parameter near line 1, column 351.  Positional parameter are considered deprecated; use named parameters or JPA-style positional parameters instead.
2016-03-09 15:01:35,822 [Timer-0] WARN  [org.hibernate.hql.internal.ast.HqlSqlWalker] - [DEPRECATION] Encountered positional parameter near line 1, column 223.  Positional parameter are considered deprecated; use named parameters or JPA-style positional parameters instead.
2016-03-09 15:01:35,898 [Timer-0] WARN  [org.hibernate.hql.internal.ast.HqlSqlWalker] - [DEPRECATION] Encountered positional parameter near line 1, column 290.  Positional parameter are considered deprecated; use named parameters or JPA-style positional parameters instead.
2016-03-09 15:01:36,025 [Timer-0] WARN  [org.hibernate.hql.internal.ast.HqlSqlWalker] - [DEPRECATION] Encountered positional parameter near line 1, column 222.  Positional parameter are considered deprecated; use named parameters or JPA-style positional parameters instead.
2016-03-09 15:01:36,233 [Timer-0] WARN  [org.hibernate.hql.internal.ast.HqlSqlWalker] - [DEPRECATION] Encountered positional parameter near line 1, column 215.  Positional parameter are considered deprecated; use named parameters or JPA-style positional parameters instead.
2016-03-09 15:01:36,241 [Timer-0] WARN  [org.hibernate.hql.internal.ast.HqlSqlWalker] - [DEPRECATION] Encountered positional parameter near line 1, column 215.  Positional parameter are considered deprecated; use named parameters or JPA-style positional parameters instead.
2016-03-09 15:01:36,241 [Timer-0] WARN  [org.hibernate.hql.internal.ast.HqlSqlWalker] - [DEPRECATION] Encountered positional parameter near line 1, column 226.  Positional parameter are considered deprecated; use named parameters or JPA-style positional parameters instead.
2016-03-09 15:01:36,255 [Timer-0] WARN  [org.hibernate.hql.internal.ast.HqlSqlWalker] - [DEPRECATION] Encountered positional parameter near line 1, column 217.  Positional parameter are considered deprecated; use named parameters or JPA-style positional parameters instead.
2016-03-09 15:01:36,335 [Timer-0] WARN  [org.hibernate.hql.internal.ast.HqlSqlWalker] - [DEPRECATION] Encountered positional parameter near line 1, column 78.  Positional parameter are considered deprecated; use named parameters or JPA-style positional parameters instead.
2016-03-09 15:01:36,335 [Timer-0] WARN  [org.hibernate.hql.internal.ast.HqlSqlWalker] - [DEPRECATION] Encountered positional parameter near line 1, column 94.  Positional parameter are considered deprecated; use named parameters or JPA-style positional parameters instead.
2016-03-09 15:01:36,662 [Timer-0] WARN  [com.linkcm.core.security.MyFilterSecurityInterceptor] - Could not validate configuration attributes as the SecurityMetadataSource did not return any attributes from getAllConfigAttributes()
2016-03-09 15:13:23,492 [main] WARN  [org.hibernate.hql.internal.ast.HqlSqlWalker] - [DEPRECATION] Encountered positional parameter near line 1, column 215.  Positional parameter are considered deprecated; use named parameters or JPA-style positional parameters instead.
2016-03-09 15:13:23,624 [main] WARN  [org.hibernate.hql.internal.ast.HqlSqlWalker] - [DEPRECATION] Encountered positional parameter near line 1, column 187.  Positional parameter are considered deprecated; use named parameters or JPA-style positional parameters instead.
2016-03-09 15:13:23,821 [main] WARN  [org.hibernate.hql.internal.ast.HqlSqlWalker] - [DEPRECATION] Encountered positional parameter near line 1, column 161.  Positional parameter are considered deprecated; use named parameters or JPA-style positional parameters instead.
2016-03-09 15:13:23,831 [main] WARN  [org.hibernate.hql.internal.ast.HqlSqlWalker] - [DEPRECATION] Encountered positional parameter near line 1, column 351.  Positional parameter are considered deprecated; use named parameters or JPA-style positional parameters instead.
2016-03-09 15:13:23,926 [main] WARN  [org.hibernate.hql.internal.ast.HqlSqlWalker] - [DEPRECATION] Encountered positional parameter near line 1, column 223.  Positional parameter are considered deprecated; use named parameters or JPA-style positional parameters instead.
2016-03-09 15:13:23,976 [main] WARN  [org.hibernate.hql.internal.ast.HqlSqlWalker] - [DEPRECATION] Encountered positional parameter near line 1, column 290.  Positional parameter are considered deprecated; use named parameters or JPA-style positional parameters instead.
2016-03-09 15:13:24,101 [main] WARN  [org.hibernate.hql.internal.ast.HqlSqlWalker] - [DEPRECATION] Encountered positional parameter near line 1, column 222.  Positional parameter are considered deprecated; use named parameters or JPA-style positional parameters instead.
2016-03-09 15:13:24,322 [main] WARN  [org.hibernate.hql.internal.ast.HqlSqlWalker] - [DEPRECATION] Encountered positional parameter near line 1, column 215.  Positional parameter are considered deprecated; use named parameters or JPA-style positional parameters instead.
2016-03-09 15:13:24,330 [main] WARN  [org.hibernate.hql.internal.ast.HqlSqlWalker] - [DEPRECATION] Encountered positional parameter near line 1, column 215.  Positional parameter are considered deprecated; use named parameters or JPA-style positional parameters instead.
2016-03-09 15:13:24,330 [main] WARN  [org.hibernate.hql.internal.ast.HqlSqlWalker] - [DEPRECATION] Encountered positional parameter near line 1, column 226.  Positional parameter are considered deprecated; use named parameters or JPA-style positional parameters instead.
2016-03-09 15:13:24,338 [main] WARN  [org.hibernate.hql.internal.ast.HqlSqlWalker] - [DEPRECATION] Encountered positional parameter near line 1, column 217.  Positional parameter are considered deprecated; use named parameters or JPA-style positional parameters instead.
2016-03-09 15:13:24,428 [main] WARN  [org.hibernate.hql.internal.ast.HqlSqlWalker] - [DEPRECATION] Encountered positional parameter near line 1, column 78.  Positional parameter are considered deprecated; use named parameters or JPA-style positional parameters instead.
2016-03-09 15:13:24,428 [main] WARN  [org.hibernate.hql.internal.ast.HqlSqlWalker] - [DEPRECATION] Encountered positional parameter near line 1, column 94.  Positional parameter are considered deprecated; use named parameters or JPA-style positional parameters instead.
2016-03-09 15:13:24,763 [main] WARN  [com.linkcm.core.security.MyFilterSecurityInterceptor] - Could not validate configuration attributes as the SecurityMetadataSource did not return any attributes from getAllConfigAttributes()
2016-03-09 15:13:59,461 [83827967@qtp-1111110767-4] WARN  [org.hibernate.hql.internal.ast.HqlSqlWalker] - [DEPRECATION] Encountered positional parameter near line 1, column 85.  Positional parameter are considered deprecated; use named parameters or JPA-style positional parameters instead.
2016-03-09 15:14:57,891 [Timer-0] WARN  [org.hibernate.hql.internal.ast.HqlSqlWalker] - [DEPRECATION] Encountered positional parameter near line 1, column 215.  Positional parameter are considered deprecated; use named parameters or JPA-style positional parameters instead.
2016-03-09 15:14:58,035 [Timer-0] WARN  [org.hibernate.hql.internal.ast.HqlSqlWalker] - [DEPRECATION] Encountered positional parameter near line 1, column 187.  Positional parameter are considered deprecated; use named parameters or JPA-style positional parameters instead.
2016-03-09 15:14:58,181 [Timer-0] WARN  [org.hibernate.hql.internal.ast.HqlSqlWalker] - [DEPRECATION] Encountered positional parameter near line 1, column 161.  Positional parameter are considered deprecated; use named parameters or JPA-style positional parameters instead.
2016-03-09 15:14:58,195 [Timer-0] WARN  [org.hibernate.hql.internal.ast.HqlSqlWalker] - [DEPRECATION] Encountered positional parameter near line 1, column 351.  Positional parameter are considered deprecated; use named parameters or JPA-style positional parameters instead.
2016-03-09 15:14:58,275 [Timer-0] WARN  [org.hibernate.hql.internal.ast.HqlSqlWalker] - [DEPRECATION] Encountered positional parameter near line 1, column 223.  Positional parameter are considered deprecated; use named parameters or JPA-style positional parameters instead.
2016-03-09 15:14:58,328 [Timer-0] WARN  [org.hibernate.hql.internal.ast.HqlSqlWalker] - [DEPRECATION] Encountered positional parameter near line 1, column 290.  Positional parameter are considered deprecated; use named parameters or JPA-style positional parameters instead.
2016-03-09 15:14:58,459 [Timer-0] WARN  [org.hibernate.hql.internal.ast.HqlSqlWalker] - [DEPRECATION] Encountered positional parameter near line 1, column 222.  Positional parameter are considered deprecated; use named parameters or JPA-style positional parameters instead.
2016-03-09 15:14:58,673 [Timer-0] WARN  [org.hibernate.hql.internal.ast.HqlSqlWalker] - [DEPRECATION] Encountered positional parameter near line 1, column 215.  Positional parameter are considered deprecated; use named parameters or JPA-style positional parameters instead.
2016-03-09 15:14:58,681 [Timer-0] WARN  [org.hibernate.hql.internal.ast.HqlSqlWalker] - [DEPRECATION] Encountered positional parameter near line 1, column 215.  Positional parameter are considered deprecated; use named parameters or JPA-style positional parameters instead.
2016-03-09 15:14:58,681 [Timer-0] WARN  [org.hibernate.hql.internal.ast.HqlSqlWalker] - [DEPRECATION] Encountered positional parameter near line 1, column 226.  Positional parameter are considered deprecated; use named parameters or JPA-style positional parameters instead.
2016-03-09 15:14:58,688 [Timer-0] WARN  [org.hibernate.hql.internal.ast.HqlSqlWalker] - [DEPRECATION] Encountered positional parameter near line 1, column 217.  Positional parameter are considered deprecated; use named parameters or JPA-style positional parameters instead.
2016-03-09 15:14:58,780 [Timer-0] WARN  [org.hibernate.hql.internal.ast.HqlSqlWalker] - [DEPRECATION] Encountered positional parameter near line 1, column 78.  Positional parameter are considered deprecated; use named parameters or JPA-style positional parameters instead.
2016-03-09 15:14:58,780 [Timer-0] WARN  [org.hibernate.hql.internal.ast.HqlSqlWalker] - [DEPRECATION] Encountered positional parameter near line 1, column 94.  Positional parameter are considered deprecated; use named parameters or JPA-style positional parameters instead.
2016-03-09 15:14:59,117 [Timer-0] WARN  [com.linkcm.core.security.MyFilterSecurityInterceptor] - Could not validate configuration attributes as the SecurityMetadataSource did not return any attributes from getAllConfigAttributes()
2016-03-09 15:15:05,033 [Timer-0] WARN  [org.hibernate.hql.internal.ast.HqlSqlWalker] - [DEPRECATION] Encountered positional parameter near line 1, column 215.  Positional parameter are considered deprecated; use named parameters or JPA-style positional parameters instead.
2016-03-09 15:15:05,189 [Timer-0] WARN  [org.hibernate.hql.internal.ast.HqlSqlWalker] - [DEPRECATION] Encountered positional parameter near line 1, column 187.  Positional parameter are considered deprecated; use named parameters or JPA-style positional parameters instead.
2016-03-09 15:15:05,334 [Timer-0] WARN  [org.hibernate.hql.internal.ast.HqlSqlWalker] - [DEPRECATION] Encountered positional parameter near line 1, column 161.  Positional parameter are considered deprecated; use named parameters or JPA-style positional parameters instead.
2016-03-09 15:15:05,343 [Timer-0] WARN  [org.hibernate.hql.internal.ast.HqlSqlWalker] - [DEPRECATION] Encountered positional parameter near line 1, column 351.  Positional parameter are considered deprecated; use named parameters or JPA-style positional parameters instead.
2016-03-09 15:15:05,411 [Timer-0] WARN  [org.hibernate.hql.internal.ast.HqlSqlWalker] - [DEPRECATION] Encountered positional parameter near line 1, column 223.  Positional parameter are considered deprecated; use named parameters or JPA-style positional parameters instead.
2016-03-09 15:15:05,454 [Timer-0] WARN  [org.hibernate.hql.internal.ast.HqlSqlWalker] - [DEPRECATION] Encountered positional parameter near line 1, column 290.  Positional parameter are considered deprecated; use named parameters or JPA-style positional parameters instead.
2016-03-09 15:15:05,566 [Timer-0] WARN  [org.hibernate.hql.internal.ast.HqlSqlWalker] - [DEPRECATION] Encountered positional parameter near line 1, column 222.  Positional parameter are considered deprecated; use named parameters or JPA-style positional parameters instead.
2016-03-09 15:15:05,770 [Timer-0] WARN  [org.hibernate.hql.internal.ast.HqlSqlWalker] - [DEPRECATION] Encountered positional parameter near line 1, column 215.  Positional parameter are considered deprecated; use named parameters or JPA-style positional parameters instead.
2016-03-09 15:15:05,778 [Timer-0] WARN  [org.hibernate.hql.internal.ast.HqlSqlWalker] - [DEPRECATION] Encountered positional parameter near line 1, column 215.  Positional parameter are considered deprecated; use named parameters or JPA-style positional parameters instead.
2016-03-09 15:15:05,778 [Timer-0] WARN  [org.hibernate.hql.internal.ast.HqlSqlWalker] - [DEPRECATION] Encountered positional parameter near line 1, column 226.  Positional parameter are considered deprecated; use named parameters or JPA-style positional parameters instead.
2016-03-09 15:15:05,784 [Timer-0] WARN  [org.hibernate.hql.internal.ast.HqlSqlWalker] - [DEPRECATION] Encountered positional parameter near line 1, column 217.  Positional parameter are considered deprecated; use named parameters or JPA-style positional parameters instead.
2016-03-09 15:15:05,885 [Timer-0] WARN  [org.hibernate.hql.internal.ast.HqlSqlWalker] - [DEPRECATION] Encountered positional parameter near line 1, column 78.  Positional parameter are considered deprecated; use named parameters or JPA-style positional parameters instead.
2016-03-09 15:15:05,885 [Timer-0] WARN  [org.hibernate.hql.internal.ast.HqlSqlWalker] - [DEPRECATION] Encountered positional parameter near line 1, column 94.  Positional parameter are considered deprecated; use named parameters or JPA-style positional parameters instead.
2016-03-09 15:15:06,201 [Timer-0] WARN  [com.linkcm.core.security.MyFilterSecurityInterceptor] - Could not validate configuration attributes as the SecurityMetadataSource did not return any attributes from getAllConfigAttributes()
2016-03-09 15:16:27,387 [main] WARN  [org.hibernate.hql.internal.ast.HqlSqlWalker] - [DEPRECATION] Encountered positional parameter near line 1, column 215.  Positional parameter are considered deprecated; use named parameters or JPA-style positional parameters instead.
2016-03-09 15:16:27,522 [main] WARN  [org.hibernate.hql.internal.ast.HqlSqlWalker] - [DEPRECATION] Encountered positional parameter near line 1, column 187.  Positional parameter are considered deprecated; use named parameters or JPA-style positional parameters instead.
2016-03-09 15:16:27,697 [main] WARN  [org.hibernate.hql.internal.ast.HqlSqlWalker] - [DEPRECATION] Encountered positional parameter near line 1, column 161.  Positional parameter are considered deprecated; use named parameters or JPA-style positional parameters instead.
2016-03-09 15:16:27,709 [main] WARN  [org.hibernate.hql.internal.ast.HqlSqlWalker] - [DEPRECATION] Encountered positional parameter near line 1, column 351.  Positional parameter are considered deprecated; use named parameters or JPA-style positional parameters instead.
2016-03-09 15:16:27,792 [main] WARN  [org.hibernate.hql.internal.ast.HqlSqlWalker] - [DEPRECATION] Encountered positional parameter near line 1, column 223.  Positional parameter are considered deprecated; use named parameters or JPA-style positional parameters instead.
2016-03-09 15:16:27,842 [main] WARN  [org.hibernate.hql.internal.ast.HqlSqlWalker] - [DEPRECATION] Encountered positional parameter near line 1, column 290.  Positional parameter are considered deprecated; use named parameters or JPA-style positional parameters instead.
2016-03-09 15:16:27,967 [main] WARN  [org.hibernate.hql.internal.ast.HqlSqlWalker] - [DEPRECATION] Encountered positional parameter near line 1, column 222.  Positional parameter are considered deprecated; use named parameters or JPA-style positional parameters instead.
2016-03-09 15:16:28,185 [main] WARN  [org.hibernate.hql.internal.ast.HqlSqlWalker] - [DEPRECATION] Encountered positional parameter near line 1, column 215.  Positional parameter are considered deprecated; use named parameters or JPA-style positional parameters instead.
2016-03-09 15:16:28,185 [main] WARN  [org.hibernate.hql.internal.ast.HqlSqlWalker] - [DEPRECATION] Encountered positional parameter near line 1, column 226.  Positional parameter are considered deprecated; use named parameters or JPA-style positional parameters instead.
2016-03-09 15:16:28,192 [main] WARN  [org.hibernate.hql.internal.ast.HqlSqlWalker] - [DEPRECATION] Encountered positional parameter near line 1, column 215.  Positional parameter are considered deprecated; use named parameters or JPA-style positional parameters instead.
2016-03-09 15:16:28,207 [main] WARN  [org.hibernate.hql.internal.ast.HqlSqlWalker] - [DEPRECATION] Encountered positional parameter near line 1, column 217.  Positional parameter are considered deprecated; use named parameters or JPA-style positional parameters instead.
2016-03-09 15:16:28,289 [main] WARN  [org.hibernate.hql.internal.ast.HqlSqlWalker] - [DEPRECATION] Encountered positional parameter near line 1, column 78.  Positional parameter are considered deprecated; use named parameters or JPA-style positional parameters instead.
2016-03-09 15:16:28,290 [main] WARN  [org.hibernate.hql.internal.ast.HqlSqlWalker] - [DEPRECATION] Encountered positional parameter near line 1, column 94.  Positional parameter are considered deprecated; use named parameters or JPA-style positional parameters instead.
2016-03-09 15:16:28,651 [main] WARN  [com.linkcm.core.security.MyFilterSecurityInterceptor] - Could not validate configuration attributes as the SecurityMetadataSource did not return any attributes from getAllConfigAttributes()
2016-03-09 15:45:13,058 [212956822@qtp-1111110767-15] WARN  [org.apache.struts2.util.TextProviderHelper] - The first TextProvider in the ValueStack (com.linkcm.demo.web.school.StudentAction) could not locate the message resource with key '姓名'
2016-03-09 15:45:13,059 [212956822@qtp-1111110767-15] WARN  [org.apache.struts2.util.TextProviderHelper] - The default value expression '姓名' was evaluated and did not match a property.  The literal value '姓名' will be used.
2016-03-09 15:45:13,059 [212956822@qtp-1111110767-15] WARN  [org.apache.struts2.util.TextProviderHelper] - The first TextProvider in the ValueStack (com.linkcm.demo.web.school.StudentAction) could not locate the message resource with key '年龄'
2016-03-09 15:45:13,059 [212956822@qtp-1111110767-15] WARN  [org.apache.struts2.util.TextProviderHelper] - The default value expression '年龄' was evaluated and did not match a property.  The literal value '年龄' will be used.
2016-03-09 15:45:13,060 [212956822@qtp-1111110767-15] WARN  [org.apache.struts2.util.TextProviderHelper] - The first TextProvider in the ValueStack (com.linkcm.demo.web.school.StudentAction) could not locate the message resource with key '性别'
2016-03-09 15:45:13,060 [212956822@qtp-1111110767-15] WARN  [org.apache.struts2.util.TextProviderHelper] - The default value expression '性别' was evaluated and did not match a property.  The literal value '性别' will be used.
2016-03-09 15:45:48,924 [1681452165@qtp-1111110767-16] WARN  [org.apache.struts2.util.TextProviderHelper] - The first TextProvider in the ValueStack (com.linkcm.demo.web.school.StudentAction) could not locate the message resource with key '姓名'
2016-03-09 15:45:48,924 [1681452165@qtp-1111110767-16] WARN  [org.apache.struts2.util.TextProviderHelper] - The default value expression '姓名' was evaluated and did not match a property.  The literal value '姓名' will be used.
2016-03-09 15:45:48,924 [1681452165@qtp-1111110767-16] WARN  [org.apache.struts2.util.TextProviderHelper] - The first TextProvider in the ValueStack (com.linkcm.demo.web.school.StudentAction) could not locate the message resource with key '年龄'
2016-03-09 15:45:48,924 [1681452165@qtp-1111110767-16] WARN  [org.apache.struts2.util.TextProviderHelper] - The default value expression '年龄' was evaluated and did not match a property.  The literal value '年龄' will be used.
2016-03-09 15:45:48,924 [1681452165@qtp-1111110767-16] WARN  [org.apache.struts2.util.TextProviderHelper] - The first TextProvider in the ValueStack (com.linkcm.demo.web.school.StudentAction) could not locate the message resource with key '性别'
2016-03-09 15:45:48,924 [1681452165@qtp-1111110767-16] WARN  [org.apache.struts2.util.TextProviderHelper] - The default value expression '性别' was evaluated and did not match a property.  The literal value '性别' will be used.
2016-03-09 15:45:53,536 [212956822@qtp-1111110767-15] WARN  [org.apache.struts2.util.TextProviderHelper] - The first TextProvider in the ValueStack (com.linkcm.demo.web.school.StudentAction) could not locate the message resource with key '姓名'
2016-03-09 15:45:53,536 [212956822@qtp-1111110767-15] WARN  [org.apache.struts2.util.TextProviderHelper] - The default value expression '姓名' was evaluated and did not match a property.  The literal value '姓名' will be used.
2016-03-09 15:45:53,537 [212956822@qtp-1111110767-15] WARN  [org.apache.struts2.util.TextProviderHelper] - The first TextProvider in the ValueStack (com.linkcm.demo.web.school.StudentAction) could not locate the message resource with key '年龄'
2016-03-09 15:45:53,537 [212956822@qtp-1111110767-15] WARN  [org.apache.struts2.util.TextProviderHelper] - The default value expression '年龄' was evaluated and did not match a property.  The literal value '年龄' will be used.
2016-03-09 15:45:53,537 [212956822@qtp-1111110767-15] WARN  [org.apache.struts2.util.TextProviderHelper] - The first TextProvider in the ValueStack (com.linkcm.demo.web.school.StudentAction) could not locate the message resource with key '性别'
2016-03-09 15:45:53,537 [212956822@qtp-1111110767-15] WARN  [org.apache.struts2.util.TextProviderHelper] - The default value expression '性别' was evaluated and did not match a property.  The literal value '性别' will be used.
2016-03-09 15:45:54,361 [212956822@qtp-1111110767-15] WARN  [org.apache.struts2.util.TextProviderHelper] - The first TextProvider in the ValueStack (com.linkcm.demo.web.school.StudentAction) could not locate the message resource with key '姓名'
2016-03-09 15:45:54,361 [212956822@qtp-1111110767-15] WARN  [org.apache.struts2.util.TextProviderHelper] - The default value expression '姓名' was evaluated and did not match a property.  The literal value '姓名' will be used.
2016-03-09 15:45:54,361 [212956822@qtp-1111110767-15] WARN  [org.apache.struts2.util.TextProviderHelper] - The first TextProvider in the ValueStack (com.linkcm.demo.web.school.StudentAction) could not locate the message resource with key '年龄'
2016-03-09 15:45:54,362 [212956822@qtp-1111110767-15] WARN  [org.apache.struts2.util.TextProviderHelper] - The default value expression '年龄' was evaluated and did not match a property.  The literal value '年龄' will be used.
2016-03-09 15:45:54,362 [212956822@qtp-1111110767-15] WARN  [org.apache.struts2.util.TextProviderHelper] - The first TextProvider in the ValueStack (com.linkcm.demo.web.school.StudentAction) could not locate the message resource with key '性别'
2016-03-09 15:45:54,362 [212956822@qtp-1111110767-15] WARN  [org.apache.struts2.util.TextProviderHelper] - The default value expression '性别' was evaluated and did not match a property.  The literal value '性别' will be used.
2016-03-09 15:46:41,017 [212956822@qtp-1111110767-15] WARN  [org.apache.struts2.util.TextProviderHelper] - The first TextProvider in the ValueStack (com.linkcm.demo.web.school.ClassInfoAction) could not locate the message resource with key '班级'
2016-03-09 15:46:41,017 [212956822@qtp-1111110767-15] WARN  [org.apache.struts2.util.TextProviderHelper] - The default value expression '班级' was evaluated and did not match a property.  The literal value '班级' will be used.
2016-03-09 15:46:41,017 [212956822@qtp-1111110767-15] WARN  [org.apache.struts2.util.TextProviderHelper] - The first TextProvider in the ValueStack (com.linkcm.demo.web.school.ClassInfoAction) could not locate the message resource with key '班主任'
2016-03-09 15:46:41,017 [212956822@qtp-1111110767-15] WARN  [org.apache.struts2.util.TextProviderHelper] - The default value expression '班主任' was evaluated and did not match a property.  The literal value '班主任' will be used.
2016-03-09 15:47:06,803 [420398930@qtp-1111110767-19] WARN  [org.apache.struts2.util.TextProviderHelper] - The first TextProvider in the ValueStack (com.linkcm.demo.web.school.ClassInfoAction) could not locate the message resource with key '班级'
2016-03-09 15:47:06,803 [420398930@qtp-1111110767-19] WARN  [org.apache.struts2.util.TextProviderHelper] - The default value expression '班级' was evaluated and did not match a property.  The literal value '班级' will be used.
2016-03-09 15:47:06,803 [420398930@qtp-1111110767-19] WARN  [org.apache.struts2.util.TextProviderHelper] - The first TextProvider in the ValueStack (com.linkcm.demo.web.school.ClassInfoAction) could not locate the message resource with key '班主任'
2016-03-09 15:47:06,803 [420398930@qtp-1111110767-19] WARN  [org.apache.struts2.util.TextProviderHelper] - The default value expression '班主任' was evaluated and did not match a property.  The literal value '班主任' will be used.
2016-03-09 15:48:06,799 [837419355@qtp-1111110767-20] WARN  [org.apache.struts2.util.TextProviderHelper] - The first TextProvider in the ValueStack (com.linkcm.demo.web.school.StudentAction) could not locate the message resource with key '姓名'
2016-03-09 15:48:06,799 [837419355@qtp-1111110767-20] WARN  [org.apache.struts2.util.TextProviderHelper] - The default value expression '姓名' was evaluated and did not match a property.  The literal value '姓名' will be used.
2016-03-09 15:48:06,799 [837419355@qtp-1111110767-20] WARN  [org.apache.struts2.util.TextProviderHelper] - The first TextProvider in the ValueStack (com.linkcm.demo.web.school.StudentAction) could not locate the message resource with key '年龄'
2016-03-09 15:48:06,799 [837419355@qtp-1111110767-20] WARN  [org.apache.struts2.util.TextProviderHelper] - The default value expression '年龄' was evaluated and did not match a property.  The literal value '年龄' will be used.
2016-03-09 15:48:06,800 [837419355@qtp-1111110767-20] WARN  [org.apache.struts2.util.TextProviderHelper] - The first TextProvider in the ValueStack (com.linkcm.demo.web.school.StudentAction) could not locate the message resource with key '性别'
2016-03-09 15:48:06,800 [837419355@qtp-1111110767-20] WARN  [org.apache.struts2.util.TextProviderHelper] - The default value expression '性别' was evaluated and did not match a property.  The literal value '性别' will be used.
2016-03-09 15:48:08,133 [1174956828@qtp-1111110767-21] WARN  [org.apache.struts2.util.TextProviderHelper] - The first TextProvider in the ValueStack (com.linkcm.demo.web.school.ClassInfoAction) could not locate the message resource with key '班级'
2016-03-09 15:48:08,133 [1174956828@qtp-1111110767-21] WARN  [org.apache.struts2.util.TextProviderHelper] - The default value expression '班级' was evaluated and did not match a property.  The literal value '班级' will be used.
2016-03-09 15:48:08,133 [1174956828@qtp-1111110767-21] WARN  [org.apache.struts2.util.TextProviderHelper] - The first TextProvider in the ValueStack (com.linkcm.demo.web.school.ClassInfoAction) could not locate the message resource with key '班主任'
2016-03-09 15:48:08,133 [1174956828@qtp-1111110767-21] WARN  [org.apache.struts2.util.TextProviderHelper] - The default value expression '班主任' was evaluated and did not match a property.  The literal value '班主任' will be used.
2016-03-09 15:48:24,854 [1174956828@qtp-1111110767-21] WARN  [org.apache.struts2.util.TextProviderHelper] - The first TextProvider in the ValueStack (com.linkcm.demo.web.school.StudentAction) could not locate the message resource with key '姓名'
2016-03-09 15:48:24,854 [1174956828@qtp-1111110767-21] WARN  [org.apache.struts2.util.TextProviderHelper] - The default value expression '姓名' was evaluated and did not match a property.  The literal value '姓名' will be used.
2016-03-09 15:48:24,855 [1174956828@qtp-1111110767-21] WARN  [org.apache.struts2.util.TextProviderHelper] - The first TextProvider in the ValueStack (com.linkcm.demo.web.school.StudentAction) could not locate the message resource with key '年龄'
2016-03-09 15:48:24,855 [1174956828@qtp-1111110767-21] WARN  [org.apache.struts2.util.TextProviderHelper] - The default value expression '年龄' was evaluated and did not match a property.  The literal value '年龄' will be used.
2016-03-09 15:48:24,855 [1174956828@qtp-1111110767-21] WARN  [org.apache.struts2.util.TextProviderHelper] - The first TextProvider in the ValueStack (com.linkcm.demo.web.school.StudentAction) could not locate the message resource with key '性别'
2016-03-09 15:48:24,855 [1174956828@qtp-1111110767-21] WARN  [org.apache.struts2.util.TextProviderHelper] - The default value expression '性别' was evaluated and did not match a property.  The literal value '性别' will be used.
2016-03-09 15:49:51,116 [1174956828@qtp-1111110767-21] WARN  [org.apache.struts2.util.TextProviderHelper] - The first TextProvider in the ValueStack (com.linkcm.demo.web.school.StudentAction) could not locate the message resource with key '姓名'
2016-03-09 15:49:51,116 [1174956828@qtp-1111110767-21] WARN  [org.apache.struts2.util.TextProviderHelper] - The default value expression '姓名' was evaluated and did not match a property.  The literal value '姓名' will be used.
2016-03-09 15:49:51,116 [1174956828@qtp-1111110767-21] WARN  [org.apache.struts2.util.TextProviderHelper] - The first TextProvider in the ValueStack (com.linkcm.demo.web.school.StudentAction) could not locate the message resource with key '年龄'
2016-03-09 15:49:51,116 [1174956828@qtp-1111110767-21] WARN  [org.apache.struts2.util.TextProviderHelper] - The default value expression '年龄' was evaluated and did not match a property.  The literal value '年龄' will be used.
2016-03-09 15:49:51,116 [1174956828@qtp-1111110767-21] WARN  [org.apache.struts2.util.TextProviderHelper] - The first TextProvider in the ValueStack (com.linkcm.demo.web.school.StudentAction) could not locate the message resource with key '性别'
2016-03-09 15:49:51,116 [1174956828@qtp-1111110767-21] WARN  [org.apache.struts2.util.TextProviderHelper] - The default value expression '性别' was evaluated and did not match a property.  The literal value '性别' will be used.
2016-03-09 15:49:52,124 [1174956828@qtp-1111110767-21] WARN  [org.apache.struts2.util.TextProviderHelper] - The first TextProvider in the ValueStack (com.linkcm.demo.web.school.ClassInfoAction) could not locate the message resource with key '班级'
2016-03-09 15:49:52,124 [1174956828@qtp-1111110767-21] WARN  [org.apache.struts2.util.TextProviderHelper] - The default value expression '班级' was evaluated and did not match a property.  The literal value '班级' will be used.
2016-03-09 15:49:52,125 [1174956828@qtp-1111110767-21] WARN  [org.apache.struts2.util.TextProviderHelper] - The first TextProvider in the ValueStack (com.linkcm.demo.web.school.ClassInfoAction) could not locate the message resource with key '班主任'
2016-03-09 15:49:52,125 [1174956828@qtp-1111110767-21] WARN  [org.apache.struts2.util.TextProviderHelper] - The default value expression '班主任' was evaluated and did not match a property.  The literal value '班主任' will be used.
